ARM GAS  C:\Users\aless\AppData\Local\Temp\ccnwhxJ6.s 			page 1


   1              		.syntax unified
   2              		.cpu cortex-m3
   3              		.fpu softvfp
   4              		.eabi_attribute 20, 1
   5              		.eabi_attribute 21, 1
   6              		.eabi_attribute 23, 3
   7              		.eabi_attribute 24, 1
   8              		.eabi_attribute 25, 1
   9              		.eabi_attribute 26, 1
  10              		.eabi_attribute 30, 1
  11              		.eabi_attribute 34, 1
  12              		.eabi_attribute 18, 4
  13              		.thumb
  14              		.syntax unified
  15              		.file	"main.c"
  16              		.text
  17              	.Ltext0:
  18              		.cfi_sections	.debug_frame
  19              		.section	.text.UART_Debug_BCP,"ax",%progbits
  20              		.align	2
  21              		.global	UART_Debug_BCP
  22              		.thumb
  23              		.thumb_func
  24              		.type	UART_Debug_BCP, %function
  25              	UART_Debug_BCP:
  26              	.LFB65:
  27              		.file 1 "main.c"
   1:main.c        **** /**
   2:main.c        **** * \brief Main source file for the AY1920_II_HW_05_PROJ_3 alt
   3:main.c        **** *
   4:main.c        **** * Further development of project 2.3
   5:main.c        **** * Data is actually sent as float over UART [m/s^2]
   6:main.c        **** *
   7:main.c        **** * \author Alessio Ratti
   8:main.c        **** * \date , 2020
   9:main.c        **** */
  10:main.c        **** 
  11:main.c        **** // Include required header files
  12:main.c        **** #include "I2C_Interface.h"
  13:main.c        **** #include "project.h"
  14:main.c        **** #include "stdio.h"
  15:main.c        **** #include "Regs.h"
  16:main.c        **** 
  17:main.c        **** // Set normal mode to the accelerator (3-axes, 100Hz)
  18:main.c        **** #define LIS3DH_NORMAL_MODE_CTRL_REG1 0x57
  19:main.c        **** // Set +-4g FSR and high resolution
  20:main.c        **** #define LIS3DH_CTRL_REG4_HR 0x18
  21:main.c        **** 
  22:main.c        **** // Bridge Control Panel
  23:main.c        **** #define HEAD 0xA0
  24:main.c        **** #define TAIL 0xC0
  25:main.c        **** 
  26:main.c        **** // Acc defines
  27:main.c        **** #define ZYXDA 3             // new data available
  28:main.c        **** #define AXES_ACTIVE 3       // all axes active
  29:main.c        **** #define BYTES_PER_AXIS 2    // L & H regs
  30:main.c        **** 
ARM GAS  C:\Users\aless\AppData\Local\Temp\ccnwhxJ6.s 			page 2


  31:main.c        **** // Conversion (still avoiding mg per level)
  32:main.c        **** #define levels_per_g 511    // levels -> g
  33:main.c        **** #define g_CONST 9.807       // gravitational constant
  34:main.c        **** 
  35:main.c        **** // Custom PutArray function prototype
  36:main.c        **** void UART_Debug_BCP(const uint8 string[], uint8 byteCount, uint8 head, uint8 tail);
  37:main.c        **** 
  38:main.c        **** int main(void)
  39:main.c        **** {
  40:main.c        ****     CyGlobalIntEnable; /* Enable global interrupts. */
  41:main.c        ****     
  42:main.c        ****     I2C_Peripheral_Start();
  43:main.c        ****     UART_Debug_Start();
  44:main.c        ****     
  45:main.c        ****     CyDelay(5); //"The boot procedure is complete about 5 milliseconds after device power-up."
  46:main.c        ****     
  47:main.c        ****     // Buffer string to print out messages on the UART
  48:main.c        ****     char message[50];
  49:main.c        **** 
  50:main.c        ****     // Check which devices are present on the I2C bus
  51:main.c        ****     for (int i = 0 ; i < 128; i++)
  52:main.c        ****     {
  53:main.c        ****         if (I2C_Peripheral_IsDeviceConnected(i))
  54:main.c        ****         {
  55:main.c        ****             // print out the address is hex format
  56:main.c        ****             sprintf(message, "Device 0x%02X is connected\r\n", i);
  57:main.c        ****             UART_Debug_PutString(message); 
  58:main.c        ****         }
  59:main.c        ****     }
  60:main.c        ****     
  61:main.c        ****     // Support variable for error flags
  62:main.c        ****     uint8_t error;
  63:main.c        ****     
  64:main.c        ****     /******************************************/
  65:main.c        ****     /*            CTRL_REG1 config            */
  66:main.c        ****     /******************************************/
  67:main.c        ****     error = I2C_Peripheral_WriteRegister(LIS3DH_DEVICE_ADDRESS,
  68:main.c        ****                                          LIS3DH_CTRL_REG1,
  69:main.c        ****                                          LIS3DH_NORMAL_MODE_CTRL_REG1);
  70:main.c        **** 
  71:main.c        ****     if (error == NO_ERROR)
  72:main.c        ****     {
  73:main.c        ****         UART_Debug_PutString("CONTROL REGISTER 1 successfully written\r\n"); 
  74:main.c        ****     }
  75:main.c        ****     else
  76:main.c        ****     {
  77:main.c        ****         UART_Debug_PutString("ERROR occurred during I2C comm to set control register 1\r\n");   
  78:main.c        ****     }
  79:main.c        ****     
  80:main.c        ****     /******************************************/
  81:main.c        ****     /*            CTRL_REG4 config            */
  82:main.c        ****     /******************************************/
  83:main.c        ****     error = I2C_Peripheral_WriteRegister(LIS3DH_DEVICE_ADDRESS,
  84:main.c        ****                                          LIS3DH_CTRL_REG4,
  85:main.c        ****                                          LIS3DH_CTRL_REG4_HR);
  86:main.c        **** 
  87:main.c        ****     if (error == NO_ERROR)
ARM GAS  C:\Users\aless\AppData\Local\Temp\ccnwhxJ6.s 			page 3


  88:main.c        ****     {
  89:main.c        ****         UART_Debug_PutString("CONTROL REGISTER 4 successfully written\r\n"); 
  90:main.c        ****     }
  91:main.c        ****     else
  92:main.c        ****     {
  93:main.c        ****         UART_Debug_PutString("ERROR occurred during I2C comm to set control register 4\r\n");   
  94:main.c        ****     }
  95:main.c        ****     
  96:main.c        ****     /* Private variables ---------------------------------------------------------*/
  97:main.c        ****     // ACCELERATION
  98:main.c        ****     uint8_t status_reg;                         // Store status register current value
  99:main.c        ****     uint8_t AccelerationData[AXES_ACTIVE*2];    // Raw acceleration data in 8-bit
 100:main.c        ****     int16_t OutAcc[AXES_ACTIVE];                // Right-aligned 16-bit acceleration data in mg
 101:main.c        ****     
 102:main.c        ****     // union of float exactly matched with 4 uint8_t in the memory
 103:main.c        ****     union {
 104:main.c        ****         float axis;
 105:main.c        ****         int32_t middle;
 106:main.c        ****         uint8_t init[2];
 107:main.c        ****         uint8_t bytes[4];
 108:main.c        ****     } axes[3];
 109:main.c        ****     
 110:main.c        ****     // UART (no variables needed thanks to the structure)
 111:main.c        ****     
 112:main.c        ****     for(;;)
 113:main.c        ****     {
 114:main.c        ****         error = I2C_Peripheral_ReadRegister(LIS3DH_DEVICE_ADDRESS,
 115:main.c        ****                                             LIS3DH_STATUS_REG,
 116:main.c        ****                                             &status_reg);
 117:main.c        ****         if(status_reg & (1<<ZYXDA))
 118:main.c        ****         {
 119:main.c        ****             // Read aceleration
 120:main.c        ****             error = I2C_Peripheral_ReadRegisterMulti(LIS3DH_DEVICE_ADDRESS,
 121:main.c        ****                                                      OUT_X_L,
 122:main.c        ****                                                      AXES_ACTIVE*BYTES_PER_AXIS,
 123:main.c        ****                                                      AccelerationData);
 124:main.c        ****             if (error == NO_ERROR)
 125:main.c        ****             {
 126:main.c        ****                 // From raw to signed integer
 127:main.c        ****                 OutAcc[0] = (int16_t) (AccelerationData[0] | (AccelerationData[1]<<8))>>4;
 128:main.c        ****                 OutAcc[1] = (int16_t) (AccelerationData[2] | (AccelerationData[3]<<8))>>4;
 129:main.c        ****                 OutAcc[2] = (int16_t) (AccelerationData[4] | (AccelerationData[5]<<8))>>4;
 130:main.c        ****                 
 131:main.c        ****                 // Convert to m/s^2 as float
 132:main.c        ****                 // from signed integer to float (automatic conversion into 4 blocks of uint8_t)
 133:main.c        ****                 axes[0].axis = (float) OutAcc[0]*g_CONST/levels_per_g;
 134:main.c        ****                 axes[1].axis = (float) OutAcc[1]*g_CONST/levels_per_g;
 135:main.c        ****                 axes[2].axis = (float) OutAcc[2]*g_CONST/levels_per_g;
 136:main.c        ****                 
 137:main.c        ****                 // Debug: decimal places truncated for the printf
 138:main.c        ****                 // sprintf(message, "X: %+03.3f Y: %+03.3f Z: %+03.3f\r\n", axes[0].axis, axes[1].a
 139:main.c        ****                 // UART_Debug_PutString(message);
 140:main.c        ****                 
 141:main.c        ****                 /* Thanks to the union structure there's no need to convert to uint8,
 142:main.c        ****                  * moreover, the values are allocated consecutively in the memory,
 143:main.c        ****                  * no need for further re-arrangement with the help of the custom
 144:main.c        ****                  * function as well.
ARM GAS  C:\Users\aless\AppData\Local\Temp\ccnwhxJ6.s 			page 4


 145:main.c        ****                 */
 146:main.c        ****                 UART_Debug_BCP(&axes[0].bytes[0], AXES_ACTIVE*4, HEAD, TAIL);
 147:main.c        ****             }
 148:main.c        ****             else
 149:main.c        ****             {
 150:main.c        ****                 UART_Debug_PutString("Error occurred while acquiring acceleration data\r\n");   
 151:main.c        ****             }
 152:main.c        ****         }
 153:main.c        ****     }
 154:main.c        **** }
 155:main.c        **** 
 156:main.c        **** // Custom version of the PutArray function
 157:main.c        **** // it avoids having to deal with head and tail (I can avoid placing the data in a separated array)
 158:main.c        **** void UART_Debug_BCP(const uint8 string[], uint8 byteCount, uint8 head, uint8 tail)
 159:main.c        **** {
  28              		.loc 1 159 0
  29              		.cfi_startproc
  30              		@ args = 0, pretend = 0, frame = 0
  31              		@ frame_needed = 0, uses_anonymous_args = 0
  32              	.LVL0:
  33 0000 F8B5     		push	{r3, r4, r5, r6, r7, lr}
  34              		.cfi_def_cfa_offset 24
  35              		.cfi_offset 3, -24
  36              		.cfi_offset 4, -20
  37              		.cfi_offset 5, -16
  38              		.cfi_offset 6, -12
  39              		.cfi_offset 7, -8
  40              		.cfi_offset 14, -4
  41              	.LVL1:
 160:main.c        ****     uint8 bufIndex = 0u;
 161:main.c        **** 
 162:main.c        ****     /* If not Initialized then skip this function */
 163:main.c        ****     if(UART_Debug_initVar != 0u)
  42              		.loc 1 163 0
  43 0002 0B4C     		ldr	r4, .L6
  44 0004 2478     		ldrb	r4, [r4]	@ zero_extendqisi2
  45 0006 8CB1     		cbz	r4, .L1
  46 0008 1F46     		mov	r7, r3
  47 000a 0D46     		mov	r5, r1
  48 000c 0646     		mov	r6, r0
 164:main.c        ****     {
 165:main.c        ****         UART_Debug_PutChar(head);   // tranmit head
  49              		.loc 1 165 0
  50 000e 1046     		mov	r0, r2
  51              	.LVL2:
  52 0010 FFF7FEFF 		bl	UART_Debug_PutChar
  53              	.LVL3:
 160:main.c        ****     uint8 bufIndex = 0u;
  54              		.loc 1 160 0
  55 0014 0024     		movs	r4, #0
 166:main.c        ****         while(bufIndex < byteCount) // transmit body
  56              		.loc 1 166 0
  57 0016 04E0     		b	.L3
  58              	.LVL4:
  59              	.L4:
 167:main.c        ****         {
 168:main.c        ****             UART_Debug_PutChar(string[bufIndex]);
ARM GAS  C:\Users\aless\AppData\Local\Temp\ccnwhxJ6.s 			page 5


  60              		.loc 1 168 0
  61 0018 305D     		ldrb	r0, [r6, r4]	@ zero_extendqisi2
  62 001a FFF7FEFF 		bl	UART_Debug_PutChar
  63              	.LVL5:
 169:main.c        ****             bufIndex++;
  64              		.loc 1 169 0
  65 001e 0134     		adds	r4, r4, #1
  66              	.LVL6:
  67 0020 E4B2     		uxtb	r4, r4
  68              	.LVL7:
  69              	.L3:
 166:main.c        ****         while(bufIndex < byteCount) // transmit body
  70              		.loc 1 166 0
  71 0022 AC42     		cmp	r4, r5
  72 0024 F8D3     		bcc	.L4
 170:main.c        ****         }
 171:main.c        ****         UART_Debug_PutChar(tail);   // transmit tail
  73              		.loc 1 171 0
  74 0026 3846     		mov	r0, r7
  75 0028 FFF7FEFF 		bl	UART_Debug_PutChar
  76              	.LVL8:
  77              	.L1:
  78 002c F8BD     		pop	{r3, r4, r5, r6, r7, pc}
  79              	.L7:
  80 002e 00BF     		.align	2
  81              	.L6:
  82 0030 00000000 		.word	UART_Debug_initVar
  83              		.cfi_endproc
  84              	.LFE65:
  85              		.size	UART_Debug_BCP, .-UART_Debug_BCP
  86              		.global	__aeabi_i2f
  87              		.global	__aeabi_f2d
  88              		.global	__aeabi_dmul
  89              		.global	__aeabi_ddiv
  90              		.global	__aeabi_d2f
  91              		.section	.text.main,"ax",%progbits
  92              		.align	2
  93              		.global	main
  94              		.thumb
  95              		.thumb_func
  96              		.type	main, %function
  97              	main:
  98              	.LFB64:
  39:main.c        ****     CyGlobalIntEnable; /* Enable global interrupts. */
  99              		.loc 1 39 0
 100              		.cfi_startproc
 101              		@ args = 0, pretend = 0, frame = 72
 102              		@ frame_needed = 0, uses_anonymous_args = 0
 103 0000 30B5     		push	{r4, r5, lr}
 104              		.cfi_def_cfa_offset 12
 105              		.cfi_offset 4, -12
 106              		.cfi_offset 5, -8
 107              		.cfi_offset 14, -4
 108 0002 93B0     		sub	sp, sp, #76
 109              		.cfi_def_cfa_offset 88
  40:main.c        ****     
 110              		.loc 1 40 0
ARM GAS  C:\Users\aless\AppData\Local\Temp\ccnwhxJ6.s 			page 6


 111              		.syntax unified
 112              	@ 40 "main.c" 1
 113 0004 62B6     		CPSIE   i
 114              	@ 0 "" 2
  42:main.c        ****     UART_Debug_Start();
 115              		.loc 1 42 0
 116              		.thumb
 117              		.syntax unified
 118 0006 FFF7FEFF 		bl	I2C_Peripheral_Start
 119              	.LVL9:
  43:main.c        ****     
 120              		.loc 1 43 0
 121 000a FFF7FEFF 		bl	UART_Debug_Start
 122              	.LVL10:
  45:main.c        ****     
 123              		.loc 1 45 0
 124 000e 0520     		movs	r0, #5
 125 0010 FFF7FEFF 		bl	CyDelay
 126              	.LVL11:
 127              	.LBB2:
  51:main.c        ****     {
 128              		.loc 1 51 0
 129 0014 0024     		movs	r4, #0
 130 0016 0CE0     		b	.L9
 131              	.LVL12:
 132              	.L11:
  53:main.c        ****         {
 133              		.loc 1 53 0
 134 0018 E0B2     		uxtb	r0, r4
 135 001a FFF7FEFF 		bl	I2C_Peripheral_IsDeviceConnected
 136              	.LVL13:
 137 001e 38B1     		cbz	r0, .L10
  56:main.c        ****             UART_Debug_PutString(message); 
 138              		.loc 1 56 0
 139 0020 2246     		mov	r2, r4
 140 0022 4B49     		ldr	r1, .L21+16
 141 0024 05A8     		add	r0, sp, #20
 142 0026 FFF7FEFF 		bl	sprintf
 143              	.LVL14:
  57:main.c        ****         }
 144              		.loc 1 57 0
 145 002a 05A8     		add	r0, sp, #20
 146 002c FFF7FEFF 		bl	UART_Debug_PutString
 147              	.LVL15:
 148              	.L10:
  51:main.c        ****     {
 149              		.loc 1 51 0 discriminator 2
 150 0030 0134     		adds	r4, r4, #1
 151              	.LVL16:
 152              	.L9:
  51:main.c        ****     {
 153              		.loc 1 51 0 is_stmt 0 discriminator 1
 154 0032 7F2C     		cmp	r4, #127
 155 0034 F0DD     		ble	.L11
 156              	.LBE2:
  67:main.c        ****                                          LIS3DH_CTRL_REG1,
 157              		.loc 1 67 0 is_stmt 1
ARM GAS  C:\Users\aless\AppData\Local\Temp\ccnwhxJ6.s 			page 7


 158 0036 5722     		movs	r2, #87
 159 0038 2021     		movs	r1, #32
 160 003a 1820     		movs	r0, #24
 161 003c FFF7FEFF 		bl	I2C_Peripheral_WriteRegister
 162              	.LVL17:
  71:main.c        ****     {
 163              		.loc 1 71 0
 164 0040 18B9     		cbnz	r0, .L12
  73:main.c        ****     }
 165              		.loc 1 73 0
 166 0042 4448     		ldr	r0, .L21+20
 167              	.LVL18:
 168 0044 FFF7FEFF 		bl	UART_Debug_PutString
 169              	.LVL19:
 170 0048 02E0     		b	.L13
 171              	.LVL20:
 172              	.L12:
  77:main.c        ****     }
 173              		.loc 1 77 0
 174 004a 4348     		ldr	r0, .L21+24
 175              	.LVL21:
 176 004c FFF7FEFF 		bl	UART_Debug_PutString
 177              	.LVL22:
 178              	.L13:
  83:main.c        ****                                          LIS3DH_CTRL_REG4,
 179              		.loc 1 83 0
 180 0050 1822     		movs	r2, #24
 181 0052 2321     		movs	r1, #35
 182 0054 1046     		mov	r0, r2
 183 0056 FFF7FEFF 		bl	I2C_Peripheral_WriteRegister
 184              	.LVL23:
  87:main.c        ****     {
 185              		.loc 1 87 0
 186 005a 18B9     		cbnz	r0, .L14
  89:main.c        ****     }
 187              		.loc 1 89 0
 188 005c 3F48     		ldr	r0, .L21+28
 189              	.LVL24:
 190 005e FFF7FEFF 		bl	UART_Debug_PutString
 191              	.LVL25:
 192 0062 02E0     		b	.L17
 193              	.LVL26:
 194              	.L14:
  93:main.c        ****     }
 195              		.loc 1 93 0
 196 0064 3E48     		ldr	r0, .L21+32
 197              	.LVL27:
 198 0066 FFF7FEFF 		bl	UART_Debug_PutString
 199              	.LVL28:
 200              	.L17:
 114:main.c        ****                                             LIS3DH_STATUS_REG,
 201              		.loc 1 114 0
 202 006a 0DF11302 		add	r2, sp, #19
 203 006e 2721     		movs	r1, #39
 204 0070 1820     		movs	r0, #24
 205 0072 FFF7FEFF 		bl	I2C_Peripheral_ReadRegister
 206              	.LVL29:
ARM GAS  C:\Users\aless\AppData\Local\Temp\ccnwhxJ6.s 			page 8


 117:main.c        ****         {
 207              		.loc 1 117 0
 208 0076 9DF81330 		ldrb	r3, [sp, #19]	@ zero_extendqisi2
 209 007a 13F0080F 		tst	r3, #8
 210 007e F4D0     		beq	.L17
 120:main.c        ****                                                      OUT_X_L,
 211              		.loc 1 120 0
 212 0080 03AB     		add	r3, sp, #12
 213 0082 0622     		movs	r2, #6
 214 0084 2821     		movs	r1, #40
 215 0086 1820     		movs	r0, #24
 216 0088 FFF7FEFF 		bl	I2C_Peripheral_ReadRegisterMulti
 217              	.LVL30:
 124:main.c        ****             {
 218              		.loc 1 124 0
 219 008c 0028     		cmp	r0, #0
 220 008e 53D1     		bne	.L18
 127:main.c        ****                 OutAcc[1] = (int16_t) (AccelerationData[2] | (AccelerationData[3]<<8))>>4;
 221              		.loc 1 127 0
 222 0090 9DF80C30 		ldrb	r3, [sp, #12]	@ zero_extendqisi2
 223 0094 9DF80D00 		ldrb	r0, [sp, #13]	@ zero_extendqisi2
 224              	.LVL31:
 225 0098 43EA0020 		orr	r0, r3, r0, lsl #8
 128:main.c        ****                 OutAcc[2] = (int16_t) (AccelerationData[4] | (AccelerationData[5]<<8))>>4;
 226              		.loc 1 128 0
 227 009c 9DF80E30 		ldrb	r3, [sp, #14]	@ zero_extendqisi2
 228 00a0 9DF80F50 		ldrb	r5, [sp, #15]	@ zero_extendqisi2
 229 00a4 43EA0525 		orr	r5, r3, r5, lsl #8
 230 00a8 45F30B15 		sbfx	r5, r5, #4, #12
 129:main.c        ****                 
 231              		.loc 1 129 0
 232 00ac 9DF81030 		ldrb	r3, [sp, #16]	@ zero_extendqisi2
 233 00b0 9DF81140 		ldrb	r4, [sp, #17]	@ zero_extendqisi2
 234 00b4 43EA0424 		orr	r4, r3, r4, lsl #8
 235 00b8 44F30B14 		sbfx	r4, r4, #4, #12
 133:main.c        ****                 axes[1].axis = (float) OutAcc[1]*g_CONST/levels_per_g;
 236              		.loc 1 133 0
 237 00bc 40F30B10 		sbfx	r0, r0, #4, #12
 238 00c0 FFF7FEFF 		bl	__aeabi_i2f
 239              	.LVL32:
 240 00c4 FFF7FEFF 		bl	__aeabi_f2d
 241              	.LVL33:
 242 00c8 1DA3     		adr	r3, .L21
 243 00ca D3E90023 		ldrd	r2, [r3]
 244 00ce FFF7FEFF 		bl	__aeabi_dmul
 245              	.LVL34:
 246 00d2 1DA3     		adr	r3, .L21+8
 247 00d4 D3E90023 		ldrd	r2, [r3]
 248 00d8 FFF7FEFF 		bl	__aeabi_ddiv
 249              	.LVL35:
 250 00dc FFF7FEFF 		bl	__aeabi_d2f
 251              	.LVL36:
 252 00e0 0090     		str	r0, [sp]	@ float
 134:main.c        ****                 axes[2].axis = (float) OutAcc[2]*g_CONST/levels_per_g;
 253              		.loc 1 134 0
 254 00e2 2846     		mov	r0, r5
 255 00e4 FFF7FEFF 		bl	__aeabi_i2f
ARM GAS  C:\Users\aless\AppData\Local\Temp\ccnwhxJ6.s 			page 9


 256              	.LVL37:
 257 00e8 FFF7FEFF 		bl	__aeabi_f2d
 258              	.LVL38:
 259 00ec 14A3     		adr	r3, .L21
 260 00ee D3E90023 		ldrd	r2, [r3]
 261 00f2 FFF7FEFF 		bl	__aeabi_dmul
 262              	.LVL39:
 263 00f6 14A3     		adr	r3, .L21+8
 264 00f8 D3E90023 		ldrd	r2, [r3]
 265 00fc FFF7FEFF 		bl	__aeabi_ddiv
 266              	.LVL40:
 267 0100 FFF7FEFF 		bl	__aeabi_d2f
 268              	.LVL41:
 269 0104 0190     		str	r0, [sp, #4]	@ float
 135:main.c        ****                 
 270              		.loc 1 135 0
 271 0106 2046     		mov	r0, r4
 272 0108 FFF7FEFF 		bl	__aeabi_i2f
 273              	.LVL42:
 274 010c FFF7FEFF 		bl	__aeabi_f2d
 275              	.LVL43:
 276 0110 0BA3     		adr	r3, .L21
 277 0112 D3E90023 		ldrd	r2, [r3]
 278 0116 FFF7FEFF 		bl	__aeabi_dmul
 279              	.LVL44:
 280 011a 0BA3     		adr	r3, .L21+8
 281 011c D3E90023 		ldrd	r2, [r3]
 282 0120 FFF7FEFF 		bl	__aeabi_ddiv
 283              	.LVL45:
 284 0124 FFF7FEFF 		bl	__aeabi_d2f
 285              	.LVL46:
 286 0128 0290     		str	r0, [sp, #8]	@ float
 146:main.c        ****             }
 287              		.loc 1 146 0
 288 012a C023     		movs	r3, #192
 289 012c A022     		movs	r2, #160
 290 012e 0C21     		movs	r1, #12
 291 0130 6846     		mov	r0, sp
 292 0132 FFF7FEFF 		bl	UART_Debug_BCP
 293              	.LVL47:
 294 0136 98E7     		b	.L17
 295              	.LVL48:
 296              	.L18:
 150:main.c        ****             }
 297              		.loc 1 150 0
 298 0138 0A48     		ldr	r0, .L21+36
 299              	.LVL49:
 300 013a FFF7FEFF 		bl	UART_Debug_PutString
 301              	.LVL50:
 302 013e 94E7     		b	.L17
 303              	.L22:
 304              		.align	3
 305              	.L21:
 306 0140 77BE9F1A 		.word	446676599
 307 0144 2F9D2340 		.word	1076075823
 308 0148 00000000 		.word	0
 309 014c 00F07F40 		.word	1082126336
ARM GAS  C:\Users\aless\AppData\Local\Temp\ccnwhxJ6.s 			page 10


 310 0150 00000000 		.word	.LC0
 311 0154 20000000 		.word	.LC1
 312 0158 4C000000 		.word	.LC2
 313 015c 88000000 		.word	.LC3
 314 0160 B4000000 		.word	.LC4
 315 0164 F0000000 		.word	.LC5
 316              		.cfi_endproc
 317              	.LFE64:
 318              		.size	main, .-main
 319              		.section	.rodata.str1.4,"aMS",%progbits,1
 320              		.align	2
 321              	.LC0:
 322 0000 44657669 		.ascii	"Device 0x%02X is connected\015\012\000"
 322      63652030 
 322      78253032 
 322      58206973 
 322      20636F6E 
 323 001d 000000   		.space	3
 324              	.LC1:
 325 0020 434F4E54 		.ascii	"CONTROL REGISTER 1 successfully written\015\012\000"
 325      524F4C20 
 325      52454749 
 325      53544552 
 325      20312073 
 326 004a 0000     		.space	2
 327              	.LC2:
 328 004c 4552524F 		.ascii	"ERROR occurred during I2C comm to set control regis"
 328      52206F63 
 328      63757272 
 328      65642064 
 328      7572696E 
 329 007f 74657220 		.ascii	"ter 1\015\012\000"
 329      310D0A00 
 330 0087 00       		.space	1
 331              	.LC3:
 332 0088 434F4E54 		.ascii	"CONTROL REGISTER 4 successfully written\015\012\000"
 332      524F4C20 
 332      52454749 
 332      53544552 
 332      20342073 
 333 00b2 0000     		.space	2
 334              	.LC4:
 335 00b4 4552524F 		.ascii	"ERROR occurred during I2C comm to set control regis"
 335      52206F63 
 335      63757272 
 335      65642064 
 335      7572696E 
 336 00e7 74657220 		.ascii	"ter 4\015\012\000"
 336      340D0A00 
 337 00ef 00       		.space	1
 338              	.LC5:
 339 00f0 4572726F 		.ascii	"Error occurred while acquiring acceleration data\015"
 339      72206F63 
 339      63757272 
 339      65642077 
 339      68696C65 
 340 0121 0A00     		.ascii	"\012\000"
ARM GAS  C:\Users\aless\AppData\Local\Temp\ccnwhxJ6.s 			page 11


 341              		.text
 342              	.Letext0:
 343              		.file 2 "c:\\program files (x86)\\cypress\\psoc creator\\4.3\\psoc creator\\import\\gnu\\arm\\5.4.
 344              		.file 3 "c:\\program files (x86)\\cypress\\psoc creator\\4.3\\psoc creator\\import\\gnu\\arm\\5.4.
 345              		.file 4 "Generated_Source\\PSoC5/cytypes.h"
 346              		.file 5 "Generated_Source\\PSoC5/UART_Debug.h"
 347              		.file 6 "Generated_Source\\PSoC5/core_cm3.h"
 348              		.file 7 "I2C_Interface.h"
 349              		.file 8 "c:\\program files (x86)\\cypress\\psoc creator\\4.3\\psoc creator\\import\\gnu\\arm\\5.4.
 350              		.file 9 "Generated_Source\\PSoC5/CyLib.h"
 351              		.file 10 "ErrorCodes.h"
 352              		.section	.debug_info,"",%progbits
 353              	.Ldebug_info0:
 354 0000 AF040000 		.4byte	0x4af
 355 0004 0400     		.2byte	0x4
 356 0006 00000000 		.4byte	.Ldebug_abbrev0
 357 000a 04       		.byte	0x4
 358 000b 01       		.uleb128 0x1
 359 000c A7000000 		.4byte	.LASF49
 360 0010 0C       		.byte	0xc
 361 0011 AE020000 		.4byte	.LASF50
 362 0015 35010000 		.4byte	.LASF51
 363 0019 00000000 		.4byte	.Ldebug_ranges0+0
 364 001d 00000000 		.4byte	0
 365 0021 00000000 		.4byte	.Ldebug_line0
 366 0025 02       		.uleb128 0x2
 367 0026 01       		.byte	0x1
 368 0027 06       		.byte	0x6
 369 0028 23030000 		.4byte	.LASF0
 370 002c 03       		.uleb128 0x3
 371 002d 08000000 		.4byte	.LASF2
 372 0031 02       		.byte	0x2
 373 0032 1D       		.byte	0x1d
 374 0033 37000000 		.4byte	0x37
 375 0037 02       		.uleb128 0x2
 376 0038 01       		.byte	0x1
 377 0039 08       		.byte	0x8
 378 003a 99000000 		.4byte	.LASF1
 379 003e 03       		.uleb128 0x3
 380 003f 1D000000 		.4byte	.LASF3
 381 0043 02       		.byte	0x2
 382 0044 29       		.byte	0x29
 383 0045 49000000 		.4byte	0x49
 384 0049 02       		.uleb128 0x2
 385 004a 02       		.byte	0x2
 386 004b 05       		.byte	0x5
 387 004c D6020000 		.4byte	.LASF4
 388 0050 02       		.uleb128 0x2
 389 0051 02       		.byte	0x2
 390 0052 07       		.byte	0x7
 391 0053 A8010000 		.4byte	.LASF5
 392 0057 03       		.uleb128 0x3
 393 0058 5B000000 		.4byte	.LASF6
 394 005c 02       		.byte	0x2
 395 005d 3F       		.byte	0x3f
 396 005e 62000000 		.4byte	0x62
 397 0062 02       		.uleb128 0x2
ARM GAS  C:\Users\aless\AppData\Local\Temp\ccnwhxJ6.s 			page 12


 398 0063 04       		.byte	0x4
 399 0064 05       		.byte	0x5
 400 0065 65000000 		.4byte	.LASF7
 401 0069 02       		.uleb128 0x2
 402 006a 04       		.byte	0x4
 403 006b 07       		.byte	0x7
 404 006c 96010000 		.4byte	.LASF8
 405 0070 02       		.uleb128 0x2
 406 0071 08       		.byte	0x8
 407 0072 05       		.byte	0x5
 408 0073 8F020000 		.4byte	.LASF9
 409 0077 02       		.uleb128 0x2
 410 0078 08       		.byte	0x8
 411 0079 07       		.byte	0x7
 412 007a 3B020000 		.4byte	.LASF10
 413 007e 04       		.uleb128 0x4
 414 007f 04       		.byte	0x4
 415 0080 05       		.byte	0x5
 416 0081 696E7400 		.ascii	"int\000"
 417 0085 02       		.uleb128 0x2
 418 0086 04       		.byte	0x4
 419 0087 07       		.byte	0x7
 420 0088 2E020000 		.4byte	.LASF11
 421 008c 03       		.uleb128 0x3
 422 008d 52020000 		.4byte	.LASF12
 423 0091 03       		.byte	0x3
 424 0092 18       		.byte	0x18
 425 0093 2C000000 		.4byte	0x2c
 426 0097 03       		.uleb128 0x3
 427 0098 5A020000 		.4byte	.LASF13
 428 009c 03       		.byte	0x3
 429 009d 20       		.byte	0x20
 430 009e 3E000000 		.4byte	0x3e
 431 00a2 03       		.uleb128 0x3
 432 00a3 78020000 		.4byte	.LASF14
 433 00a7 03       		.byte	0x3
 434 00a8 2C       		.byte	0x2c
 435 00a9 57000000 		.4byte	0x57
 436 00ad 05       		.uleb128 0x5
 437 00ae 93000000 		.4byte	.LASF15
 438 00b2 04       		.byte	0x4
 439 00b3 E401     		.2byte	0x1e4
 440 00b5 37000000 		.4byte	0x37
 441 00b9 02       		.uleb128 0x2
 442 00ba 04       		.byte	0x4
 443 00bb 04       		.byte	0x4
 444 00bc 8D000000 		.4byte	.LASF16
 445 00c0 02       		.uleb128 0x2
 446 00c1 08       		.byte	0x8
 447 00c2 04       		.byte	0x4
 448 00c3 C5010000 		.4byte	.LASF17
 449 00c7 02       		.uleb128 0x2
 450 00c8 01       		.byte	0x1
 451 00c9 08       		.byte	0x8
 452 00ca B5020000 		.4byte	.LASF18
 453 00ce 06       		.uleb128 0x6
 454 00cf 01       		.byte	0x1
ARM GAS  C:\Users\aless\AppData\Local\Temp\ccnwhxJ6.s 			page 13


 455 00d0 37000000 		.4byte	0x37
 456 00d4 0A       		.byte	0xa
 457 00d5 15       		.byte	0x15
 458 00d6 E7000000 		.4byte	0xe7
 459 00da 07       		.uleb128 0x7
 460 00db FB020000 		.4byte	.LASF19
 461 00df 00       		.byte	0
 462 00e0 07       		.uleb128 0x7
 463 00e1 04030000 		.4byte	.LASF20
 464 00e5 01       		.byte	0x1
 465 00e6 00       		.byte	0
 466 00e7 02       		.uleb128 0x2
 467 00e8 08       		.byte	0x8
 468 00e9 04       		.byte	0x4
 469 00ea 17030000 		.4byte	.LASF21
 470 00ee 02       		.uleb128 0x2
 471 00ef 04       		.byte	0x4
 472 00f0 07       		.byte	0x7
 473 00f1 80020000 		.4byte	.LASF22
 474 00f5 08       		.uleb128 0x8
 475 00f6 E0020000 		.4byte	.LASF52
 476 00fa 01       		.byte	0x1
 477 00fb 9E       		.byte	0x9e
 478 00fc 00000000 		.4byte	.LFB65
 479 0100 34000000 		.4byte	.LFE65-.LFB65
 480 0104 01       		.uleb128 0x1
 481 0105 9C       		.byte	0x9c
 482 0106 78010000 		.4byte	0x178
 483 010a 09       		.uleb128 0x9
 484 010b 86000000 		.4byte	.LASF23
 485 010f 01       		.byte	0x1
 486 0110 9E       		.byte	0x9e
 487 0111 78010000 		.4byte	0x178
 488 0115 00000000 		.4byte	.LLST0
 489 0119 09       		.uleb128 0x9
 490 011a BB010000 		.4byte	.LASF24
 491 011e 01       		.byte	0x1
 492 011f 9E       		.byte	0x9e
 493 0120 AD000000 		.4byte	0xad
 494 0124 2C000000 		.4byte	.LLST1
 495 0128 09       		.uleb128 0x9
 496 0129 14020000 		.4byte	.LASF25
 497 012d 01       		.byte	0x1
 498 012e 9E       		.byte	0x9e
 499 012f AD000000 		.4byte	0xad
 500 0133 4D000000 		.4byte	.LLST2
 501 0137 09       		.uleb128 0x9
 502 0138 F6020000 		.4byte	.LASF26
 503 013c 01       		.byte	0x1
 504 013d 9E       		.byte	0x9e
 505 013e AD000000 		.4byte	0xad
 506 0142 6E000000 		.4byte	.LLST3
 507 0146 0A       		.uleb128 0xa
 508 0147 62020000 		.4byte	.LASF27
 509 014b 01       		.byte	0x1
 510 014c A0       		.byte	0xa0
 511 014d AD000000 		.4byte	0xad
ARM GAS  C:\Users\aless\AppData\Local\Temp\ccnwhxJ6.s 			page 14


 512 0151 8F000000 		.4byte	.LLST4
 513 0155 0B       		.uleb128 0xb
 514 0156 14000000 		.4byte	.LVL3
 515 015a 44040000 		.4byte	0x444
 516 015e 0B       		.uleb128 0xb
 517 015f 1E000000 		.4byte	.LVL5
 518 0163 44040000 		.4byte	0x444
 519 0167 0C       		.uleb128 0xc
 520 0168 2C000000 		.4byte	.LVL8
 521 016c 44040000 		.4byte	0x444
 522 0170 0D       		.uleb128 0xd
 523 0171 01       		.uleb128 0x1
 524 0172 50       		.byte	0x50
 525 0173 02       		.uleb128 0x2
 526 0174 77       		.byte	0x77
 527 0175 00       		.sleb128 0
 528 0176 00       		.byte	0
 529 0177 00       		.byte	0
 530 0178 0E       		.uleb128 0xe
 531 0179 04       		.byte	0x4
 532 017a 7E010000 		.4byte	0x17e
 533 017e 0F       		.uleb128 0xf
 534 017f AD000000 		.4byte	0xad
 535 0183 10       		.uleb128 0x10
 536 0184 0A020000 		.4byte	.LASF53
 537 0188 01       		.byte	0x1
 538 0189 26       		.byte	0x26
 539 018a 7E000000 		.4byte	0x7e
 540 018e 00000000 		.4byte	.LFB64
 541 0192 68010000 		.4byte	.LFE64-.LFB64
 542 0196 01       		.uleb128 0x1
 543 0197 9C       		.byte	0x9c
 544 0198 C7030000 		.4byte	0x3c7
 545 019c 11       		.uleb128 0x11
 546 019d 00000000 		.4byte	.LASF28
 547 01a1 01       		.byte	0x1
 548 01a2 30       		.byte	0x30
 549 01a3 C7030000 		.4byte	0x3c7
 550 01a7 03       		.uleb128 0x3
 551 01a8 91       		.byte	0x91
 552 01a9 BC7F     		.sleb128 -68
 553 01ab 0A       		.uleb128 0xa
 554 01ac 89020000 		.4byte	.LASF29
 555 01b0 01       		.byte	0x1
 556 01b1 3E       		.byte	0x3e
 557 01b2 8C000000 		.4byte	0x8c
 558 01b6 B9000000 		.4byte	.LLST5
 559 01ba 11       		.uleb128 0x11
 560 01bb 12000000 		.4byte	.LASF30
 561 01bf 01       		.byte	0x1
 562 01c0 62       		.byte	0x62
 563 01c1 8C000000 		.4byte	0x8c
 564 01c5 03       		.uleb128 0x3
 565 01c6 91       		.byte	0x91
 566 01c7 BB7F     		.sleb128 -69
 567 01c9 11       		.uleb128 0x11
 568 01ca 44030000 		.4byte	.LASF31
ARM GAS  C:\Users\aless\AppData\Local\Temp\ccnwhxJ6.s 			page 15


 569 01ce 01       		.byte	0x1
 570 01cf 63       		.byte	0x63
 571 01d0 D7030000 		.4byte	0x3d7
 572 01d4 03       		.uleb128 0x3
 573 01d5 91       		.byte	0x91
 574 01d6 B47F     		.sleb128 -76
 575 01d8 12       		.uleb128 0x12
 576 01d9 EF020000 		.4byte	.LASF54
 577 01dd 01       		.byte	0x1
 578 01de 64       		.byte	0x64
 579 01df E7030000 		.4byte	0x3e7
 580 01e3 13       		.uleb128 0x13
 581 01e4 04       		.byte	0x4
 582 01e5 01       		.byte	0x1
 583 01e6 67       		.byte	0x67
 584 01e7 18020000 		.4byte	0x218
 585 01eb 14       		.uleb128 0x14
 586 01ec 2F030000 		.4byte	.LASF32
 587 01f0 01       		.byte	0x1
 588 01f1 68       		.byte	0x68
 589 01f2 B9000000 		.4byte	0xb9
 590 01f6 14       		.uleb128 0x14
 591 01f7 0A030000 		.4byte	.LASF33
 592 01fb 01       		.byte	0x1
 593 01fc 69       		.byte	0x69
 594 01fd A2000000 		.4byte	0xa2
 595 0201 14       		.uleb128 0x14
 596 0202 81000000 		.4byte	.LASF34
 597 0206 01       		.byte	0x1
 598 0207 6A       		.byte	0x6a
 599 0208 F7030000 		.4byte	0x3f7
 600 020c 14       		.uleb128 0x14
 601 020d 11030000 		.4byte	.LASF35
 602 0211 01       		.byte	0x1
 603 0212 6B       		.byte	0x6b
 604 0213 07040000 		.4byte	0x407
 605 0217 00       		.byte	0
 606 0218 11       		.uleb128 0x11
 607 0219 0F020000 		.4byte	.LASF36
 608 021d 01       		.byte	0x1
 609 021e 6C       		.byte	0x6c
 610 021f 17040000 		.4byte	0x417
 611 0223 03       		.uleb128 0x3
 612 0224 91       		.byte	0x91
 613 0225 A87F     		.sleb128 -88
 614 0227 15       		.uleb128 0x15
 615 0228 14000000 		.4byte	.LBB2
 616 022c 22000000 		.4byte	.LBE2-.LBB2
 617 0230 8B020000 		.4byte	0x28b
 618 0234 16       		.uleb128 0x16
 619 0235 6900     		.ascii	"i\000"
 620 0237 01       		.byte	0x1
 621 0238 33       		.byte	0x33
 622 0239 7E000000 		.4byte	0x7e
 623 023d 03010000 		.4byte	.LLST6
 624 0241 17       		.uleb128 0x17
 625 0242 1E000000 		.4byte	.LVL13
ARM GAS  C:\Users\aless\AppData\Local\Temp\ccnwhxJ6.s 			page 16


 626 0246 4F040000 		.4byte	0x44f
 627 024a 55020000 		.4byte	0x255
 628 024e 0D       		.uleb128 0xd
 629 024f 01       		.uleb128 0x1
 630 0250 50       		.byte	0x50
 631 0251 02       		.uleb128 0x2
 632 0252 74       		.byte	0x74
 633 0253 00       		.sleb128 0
 634 0254 00       		.byte	0
 635 0255 17       		.uleb128 0x17
 636 0256 2A000000 		.4byte	.LVL14
 637 025a 5A040000 		.4byte	0x45a
 638 025e 79020000 		.4byte	0x279
 639 0262 0D       		.uleb128 0xd
 640 0263 01       		.uleb128 0x1
 641 0264 50       		.byte	0x50
 642 0265 03       		.uleb128 0x3
 643 0266 91       		.byte	0x91
 644 0267 BC7F     		.sleb128 -68
 645 0269 0D       		.uleb128 0xd
 646 026a 01       		.uleb128 0x1
 647 026b 51       		.byte	0x51
 648 026c 05       		.uleb128 0x5
 649 026d 03       		.byte	0x3
 650 026e 00000000 		.4byte	.LC0
 651 0272 0D       		.uleb128 0xd
 652 0273 01       		.uleb128 0x1
 653 0274 52       		.byte	0x52
 654 0275 02       		.uleb128 0x2
 655 0276 74       		.byte	0x74
 656 0277 00       		.sleb128 0
 657 0278 00       		.byte	0
 658 0279 0C       		.uleb128 0xc
 659 027a 30000000 		.4byte	.LVL15
 660 027e 65040000 		.4byte	0x465
 661 0282 0D       		.uleb128 0xd
 662 0283 01       		.uleb128 0x1
 663 0284 50       		.byte	0x50
 664 0285 03       		.uleb128 0x3
 665 0286 91       		.byte	0x91
 666 0287 BC7F     		.sleb128 -68
 667 0289 00       		.byte	0
 668 028a 00       		.byte	0
 669 028b 0B       		.uleb128 0xb
 670 028c 0A000000 		.4byte	.LVL9
 671 0290 70040000 		.4byte	0x470
 672 0294 0B       		.uleb128 0xb
 673 0295 0E000000 		.4byte	.LVL10
 674 0299 7B040000 		.4byte	0x47b
 675 029d 17       		.uleb128 0x17
 676 029e 14000000 		.4byte	.LVL11
 677 02a2 86040000 		.4byte	0x486
 678 02a6 B0020000 		.4byte	0x2b0
 679 02aa 0D       		.uleb128 0xd
 680 02ab 01       		.uleb128 0x1
 681 02ac 50       		.byte	0x50
 682 02ad 01       		.uleb128 0x1
ARM GAS  C:\Users\aless\AppData\Local\Temp\ccnwhxJ6.s 			page 17


 683 02ae 35       		.byte	0x35
 684 02af 00       		.byte	0
 685 02b0 17       		.uleb128 0x17
 686 02b1 40000000 		.4byte	.LVL17
 687 02b5 91040000 		.4byte	0x491
 688 02b9 CF020000 		.4byte	0x2cf
 689 02bd 0D       		.uleb128 0xd
 690 02be 01       		.uleb128 0x1
 691 02bf 50       		.byte	0x50
 692 02c0 01       		.uleb128 0x1
 693 02c1 48       		.byte	0x48
 694 02c2 0D       		.uleb128 0xd
 695 02c3 01       		.uleb128 0x1
 696 02c4 51       		.byte	0x51
 697 02c5 02       		.uleb128 0x2
 698 02c6 08       		.byte	0x8
 699 02c7 20       		.byte	0x20
 700 02c8 0D       		.uleb128 0xd
 701 02c9 01       		.uleb128 0x1
 702 02ca 52       		.byte	0x52
 703 02cb 02       		.uleb128 0x2
 704 02cc 08       		.byte	0x8
 705 02cd 57       		.byte	0x57
 706 02ce 00       		.byte	0
 707 02cf 17       		.uleb128 0x17
 708 02d0 48000000 		.4byte	.LVL19
 709 02d4 65040000 		.4byte	0x465
 710 02d8 E6020000 		.4byte	0x2e6
 711 02dc 0D       		.uleb128 0xd
 712 02dd 01       		.uleb128 0x1
 713 02de 50       		.byte	0x50
 714 02df 05       		.uleb128 0x5
 715 02e0 03       		.byte	0x3
 716 02e1 20000000 		.4byte	.LC1
 717 02e5 00       		.byte	0
 718 02e6 17       		.uleb128 0x17
 719 02e7 50000000 		.4byte	.LVL22
 720 02eb 65040000 		.4byte	0x465
 721 02ef FD020000 		.4byte	0x2fd
 722 02f3 0D       		.uleb128 0xd
 723 02f4 01       		.uleb128 0x1
 724 02f5 50       		.byte	0x50
 725 02f6 05       		.uleb128 0x5
 726 02f7 03       		.byte	0x3
 727 02f8 4C000000 		.4byte	.LC2
 728 02fc 00       		.byte	0
 729 02fd 17       		.uleb128 0x17
 730 02fe 5A000000 		.4byte	.LVL23
 731 0302 91040000 		.4byte	0x491
 732 0306 1B030000 		.4byte	0x31b
 733 030a 0D       		.uleb128 0xd
 734 030b 01       		.uleb128 0x1
 735 030c 50       		.byte	0x50
 736 030d 01       		.uleb128 0x1
 737 030e 48       		.byte	0x48
 738 030f 0D       		.uleb128 0xd
 739 0310 01       		.uleb128 0x1
ARM GAS  C:\Users\aless\AppData\Local\Temp\ccnwhxJ6.s 			page 18


 740 0311 51       		.byte	0x51
 741 0312 02       		.uleb128 0x2
 742 0313 08       		.byte	0x8
 743 0314 23       		.byte	0x23
 744 0315 0D       		.uleb128 0xd
 745 0316 01       		.uleb128 0x1
 746 0317 52       		.byte	0x52
 747 0318 01       		.uleb128 0x1
 748 0319 48       		.byte	0x48
 749 031a 00       		.byte	0
 750 031b 17       		.uleb128 0x17
 751 031c 62000000 		.4byte	.LVL25
 752 0320 65040000 		.4byte	0x465
 753 0324 32030000 		.4byte	0x332
 754 0328 0D       		.uleb128 0xd
 755 0329 01       		.uleb128 0x1
 756 032a 50       		.byte	0x50
 757 032b 05       		.uleb128 0x5
 758 032c 03       		.byte	0x3
 759 032d 88000000 		.4byte	.LC3
 760 0331 00       		.byte	0
 761 0332 17       		.uleb128 0x17
 762 0333 6A000000 		.4byte	.LVL28
 763 0337 65040000 		.4byte	0x465
 764 033b 49030000 		.4byte	0x349
 765 033f 0D       		.uleb128 0xd
 766 0340 01       		.uleb128 0x1
 767 0341 50       		.byte	0x50
 768 0342 05       		.uleb128 0x5
 769 0343 03       		.byte	0x3
 770 0344 B4000000 		.4byte	.LC4
 771 0348 00       		.byte	0
 772 0349 17       		.uleb128 0x17
 773 034a 76000000 		.4byte	.LVL29
 774 034e 9C040000 		.4byte	0x49c
 775 0352 69030000 		.4byte	0x369
 776 0356 0D       		.uleb128 0xd
 777 0357 01       		.uleb128 0x1
 778 0358 50       		.byte	0x50
 779 0359 01       		.uleb128 0x1
 780 035a 48       		.byte	0x48
 781 035b 0D       		.uleb128 0xd
 782 035c 01       		.uleb128 0x1
 783 035d 51       		.byte	0x51
 784 035e 02       		.uleb128 0x2
 785 035f 08       		.byte	0x8
 786 0360 27       		.byte	0x27
 787 0361 0D       		.uleb128 0xd
 788 0362 01       		.uleb128 0x1
 789 0363 52       		.byte	0x52
 790 0364 03       		.uleb128 0x3
 791 0365 91       		.byte	0x91
 792 0366 BB7F     		.sleb128 -69
 793 0368 00       		.byte	0
 794 0369 17       		.uleb128 0x17
 795 036a 8C000000 		.4byte	.LVL30
 796 036e A7040000 		.4byte	0x4a7
ARM GAS  C:\Users\aless\AppData\Local\Temp\ccnwhxJ6.s 			page 19


 797 0372 8E030000 		.4byte	0x38e
 798 0376 0D       		.uleb128 0xd
 799 0377 01       		.uleb128 0x1
 800 0378 50       		.byte	0x50
 801 0379 01       		.uleb128 0x1
 802 037a 48       		.byte	0x48
 803 037b 0D       		.uleb128 0xd
 804 037c 01       		.uleb128 0x1
 805 037d 51       		.byte	0x51
 806 037e 02       		.uleb128 0x2
 807 037f 08       		.byte	0x8
 808 0380 28       		.byte	0x28
 809 0381 0D       		.uleb128 0xd
 810 0382 01       		.uleb128 0x1
 811 0383 52       		.byte	0x52
 812 0384 01       		.uleb128 0x1
 813 0385 36       		.byte	0x36
 814 0386 0D       		.uleb128 0xd
 815 0387 01       		.uleb128 0x1
 816 0388 53       		.byte	0x53
 817 0389 03       		.uleb128 0x3
 818 038a 91       		.byte	0x91
 819 038b B47F     		.sleb128 -76
 820 038d 00       		.byte	0
 821 038e 17       		.uleb128 0x17
 822 038f 36010000 		.4byte	.LVL47
 823 0393 F5000000 		.4byte	0xf5
 824 0397 B3030000 		.4byte	0x3b3
 825 039b 0D       		.uleb128 0xd
 826 039c 01       		.uleb128 0x1
 827 039d 50       		.byte	0x50
 828 039e 02       		.uleb128 0x2
 829 039f 7D       		.byte	0x7d
 830 03a0 00       		.sleb128 0
 831 03a1 0D       		.uleb128 0xd
 832 03a2 01       		.uleb128 0x1
 833 03a3 51       		.byte	0x51
 834 03a4 01       		.uleb128 0x1
 835 03a5 3C       		.byte	0x3c
 836 03a6 0D       		.uleb128 0xd
 837 03a7 01       		.uleb128 0x1
 838 03a8 52       		.byte	0x52
 839 03a9 02       		.uleb128 0x2
 840 03aa 09       		.byte	0x9
 841 03ab A0       		.byte	0xa0
 842 03ac 0D       		.uleb128 0xd
 843 03ad 01       		.uleb128 0x1
 844 03ae 53       		.byte	0x53
 845 03af 02       		.uleb128 0x2
 846 03b0 09       		.byte	0x9
 847 03b1 C0       		.byte	0xc0
 848 03b2 00       		.byte	0
 849 03b3 0C       		.uleb128 0xc
 850 03b4 3E010000 		.4byte	.LVL50
 851 03b8 65040000 		.4byte	0x465
 852 03bc 0D       		.uleb128 0xd
 853 03bd 01       		.uleb128 0x1
ARM GAS  C:\Users\aless\AppData\Local\Temp\ccnwhxJ6.s 			page 20


 854 03be 50       		.byte	0x50
 855 03bf 05       		.uleb128 0x5
 856 03c0 03       		.byte	0x3
 857 03c1 F0000000 		.4byte	.LC5
 858 03c5 00       		.byte	0
 859 03c6 00       		.byte	0
 860 03c7 18       		.uleb128 0x18
 861 03c8 C7000000 		.4byte	0xc7
 862 03cc D7030000 		.4byte	0x3d7
 863 03d0 19       		.uleb128 0x19
 864 03d1 EE000000 		.4byte	0xee
 865 03d5 31       		.byte	0x31
 866 03d6 00       		.byte	0
 867 03d7 18       		.uleb128 0x18
 868 03d8 8C000000 		.4byte	0x8c
 869 03dc E7030000 		.4byte	0x3e7
 870 03e0 19       		.uleb128 0x19
 871 03e1 EE000000 		.4byte	0xee
 872 03e5 05       		.byte	0x5
 873 03e6 00       		.byte	0
 874 03e7 18       		.uleb128 0x18
 875 03e8 97000000 		.4byte	0x97
 876 03ec F7030000 		.4byte	0x3f7
 877 03f0 19       		.uleb128 0x19
 878 03f1 EE000000 		.4byte	0xee
 879 03f5 02       		.byte	0x2
 880 03f6 00       		.byte	0
 881 03f7 18       		.uleb128 0x18
 882 03f8 8C000000 		.4byte	0x8c
 883 03fc 07040000 		.4byte	0x407
 884 0400 19       		.uleb128 0x19
 885 0401 EE000000 		.4byte	0xee
 886 0405 01       		.byte	0x1
 887 0406 00       		.byte	0
 888 0407 18       		.uleb128 0x18
 889 0408 8C000000 		.4byte	0x8c
 890 040c 17040000 		.4byte	0x417
 891 0410 19       		.uleb128 0x19
 892 0411 EE000000 		.4byte	0xee
 893 0415 03       		.byte	0x3
 894 0416 00       		.byte	0
 895 0417 18       		.uleb128 0x18
 896 0418 E3010000 		.4byte	0x1e3
 897 041c 27040000 		.4byte	0x427
 898 0420 19       		.uleb128 0x19
 899 0421 EE000000 		.4byte	0xee
 900 0425 02       		.byte	0x2
 901 0426 00       		.byte	0
 902 0427 1A       		.uleb128 0x1a
 903 0428 27000000 		.4byte	.LASF37
 904 042c 05       		.byte	0x5
 905 042d 3601     		.2byte	0x136
 906 042f AD000000 		.4byte	0xad
 907 0433 1A       		.uleb128 0x1a
 908 0434 6B020000 		.4byte	.LASF38
 909 0438 06       		.byte	0x6
 910 0439 1207     		.2byte	0x712
ARM GAS  C:\Users\aless\AppData\Local\Temp\ccnwhxJ6.s 			page 21


 911 043b 3F040000 		.4byte	0x43f
 912 043f 1B       		.uleb128 0x1b
 913 0440 A2000000 		.4byte	0xa2
 914 0444 1C       		.uleb128 0x1c
 915 0445 6E000000 		.4byte	.LASF39
 916 0449 6E000000 		.4byte	.LASF39
 917 044d 05       		.byte	0x5
 918 044e 8A       		.byte	0x8a
 919 044f 1C       		.uleb128 0x1c
 920 0450 3A000000 		.4byte	.LASF40
 921 0454 3A000000 		.4byte	.LASF40
 922 0458 07       		.byte	0x7
 923 0459 5D       		.byte	0x5d
 924 045a 1C       		.uleb128 0x1c
 925 045b 34030000 		.4byte	.LASF41
 926 045f 34030000 		.4byte	.LASF41
 927 0463 08       		.byte	0x8
 928 0464 E7       		.byte	0xe7
 929 0465 1C       		.uleb128 0x1c
 930 0466 19020000 		.4byte	.LASF42
 931 046a 19020000 		.4byte	.LASF42
 932 046e 05       		.byte	0x5
 933 046f 8B       		.byte	0x8b
 934 0470 1C       		.uleb128 0x1c
 935 0471 55030000 		.4byte	.LASF43
 936 0475 55030000 		.4byte	.LASF43
 937 0479 07       		.byte	0x7
 938 047a 17       		.byte	0x17
 939 047b 1C       		.uleb128 0x1c
 940 047c 9D020000 		.4byte	.LASF44
 941 0480 9D020000 		.4byte	.LASF44
 942 0484 05       		.byte	0x5
 943 0485 54       		.byte	0x54
 944 0486 1C       		.uleb128 0x1c
 945 0487 3C030000 		.4byte	.LASF45
 946 048b 3C030000 		.4byte	.LASF45
 947 048f 09       		.byte	0x9
 948 0490 76       		.byte	0x76
 949 0491 1C       		.uleb128 0x1c
 950 0492 ED010000 		.4byte	.LASF46
 951 0496 ED010000 		.4byte	.LASF46
 952 049a 07       		.byte	0x7
 953 049b 43       		.byte	0x43
 954 049c 1C       		.uleb128 0x1c
 955 049d BA020000 		.4byte	.LASF47
 956 04a1 BA020000 		.4byte	.LASF47
 957 04a5 07       		.byte	0x7
 958 04a6 28       		.byte	0x28
 959 04a7 1C       		.uleb128 0x1c
 960 04a8 CC010000 		.4byte	.LASF48
 961 04ac CC010000 		.4byte	.LASF48
 962 04b0 07       		.byte	0x7
 963 04b1 36       		.byte	0x36
 964 04b2 00       		.byte	0
 965              		.section	.debug_abbrev,"",%progbits
 966              	.Ldebug_abbrev0:
 967 0000 01       		.uleb128 0x1
ARM GAS  C:\Users\aless\AppData\Local\Temp\ccnwhxJ6.s 			page 22


 968 0001 11       		.uleb128 0x11
 969 0002 01       		.byte	0x1
 970 0003 25       		.uleb128 0x25
 971 0004 0E       		.uleb128 0xe
 972 0005 13       		.uleb128 0x13
 973 0006 0B       		.uleb128 0xb
 974 0007 03       		.uleb128 0x3
 975 0008 0E       		.uleb128 0xe
 976 0009 1B       		.uleb128 0x1b
 977 000a 0E       		.uleb128 0xe
 978 000b 55       		.uleb128 0x55
 979 000c 17       		.uleb128 0x17
 980 000d 11       		.uleb128 0x11
 981 000e 01       		.uleb128 0x1
 982 000f 10       		.uleb128 0x10
 983 0010 17       		.uleb128 0x17
 984 0011 00       		.byte	0
 985 0012 00       		.byte	0
 986 0013 02       		.uleb128 0x2
 987 0014 24       		.uleb128 0x24
 988 0015 00       		.byte	0
 989 0016 0B       		.uleb128 0xb
 990 0017 0B       		.uleb128 0xb
 991 0018 3E       		.uleb128 0x3e
 992 0019 0B       		.uleb128 0xb
 993 001a 03       		.uleb128 0x3
 994 001b 0E       		.uleb128 0xe
 995 001c 00       		.byte	0
 996 001d 00       		.byte	0
 997 001e 03       		.uleb128 0x3
 998 001f 16       		.uleb128 0x16
 999 0020 00       		.byte	0
 1000 0021 03       		.uleb128 0x3
 1001 0022 0E       		.uleb128 0xe
 1002 0023 3A       		.uleb128 0x3a
 1003 0024 0B       		.uleb128 0xb
 1004 0025 3B       		.uleb128 0x3b
 1005 0026 0B       		.uleb128 0xb
 1006 0027 49       		.uleb128 0x49
 1007 0028 13       		.uleb128 0x13
 1008 0029 00       		.byte	0
 1009 002a 00       		.byte	0
 1010 002b 04       		.uleb128 0x4
 1011 002c 24       		.uleb128 0x24
 1012 002d 00       		.byte	0
 1013 002e 0B       		.uleb128 0xb
 1014 002f 0B       		.uleb128 0xb
 1015 0030 3E       		.uleb128 0x3e
 1016 0031 0B       		.uleb128 0xb
 1017 0032 03       		.uleb128 0x3
 1018 0033 08       		.uleb128 0x8
 1019 0034 00       		.byte	0
 1020 0035 00       		.byte	0
 1021 0036 05       		.uleb128 0x5
 1022 0037 16       		.uleb128 0x16
 1023 0038 00       		.byte	0
 1024 0039 03       		.uleb128 0x3
ARM GAS  C:\Users\aless\AppData\Local\Temp\ccnwhxJ6.s 			page 23


 1025 003a 0E       		.uleb128 0xe
 1026 003b 3A       		.uleb128 0x3a
 1027 003c 0B       		.uleb128 0xb
 1028 003d 3B       		.uleb128 0x3b
 1029 003e 05       		.uleb128 0x5
 1030 003f 49       		.uleb128 0x49
 1031 0040 13       		.uleb128 0x13
 1032 0041 00       		.byte	0
 1033 0042 00       		.byte	0
 1034 0043 06       		.uleb128 0x6
 1035 0044 04       		.uleb128 0x4
 1036 0045 01       		.byte	0x1
 1037 0046 0B       		.uleb128 0xb
 1038 0047 0B       		.uleb128 0xb
 1039 0048 49       		.uleb128 0x49
 1040 0049 13       		.uleb128 0x13
 1041 004a 3A       		.uleb128 0x3a
 1042 004b 0B       		.uleb128 0xb
 1043 004c 3B       		.uleb128 0x3b
 1044 004d 0B       		.uleb128 0xb
 1045 004e 01       		.uleb128 0x1
 1046 004f 13       		.uleb128 0x13
 1047 0050 00       		.byte	0
 1048 0051 00       		.byte	0
 1049 0052 07       		.uleb128 0x7
 1050 0053 28       		.uleb128 0x28
 1051 0054 00       		.byte	0
 1052 0055 03       		.uleb128 0x3
 1053 0056 0E       		.uleb128 0xe
 1054 0057 1C       		.uleb128 0x1c
 1055 0058 0B       		.uleb128 0xb
 1056 0059 00       		.byte	0
 1057 005a 00       		.byte	0
 1058 005b 08       		.uleb128 0x8
 1059 005c 2E       		.uleb128 0x2e
 1060 005d 01       		.byte	0x1
 1061 005e 3F       		.uleb128 0x3f
 1062 005f 19       		.uleb128 0x19
 1063 0060 03       		.uleb128 0x3
 1064 0061 0E       		.uleb128 0xe
 1065 0062 3A       		.uleb128 0x3a
 1066 0063 0B       		.uleb128 0xb
 1067 0064 3B       		.uleb128 0x3b
 1068 0065 0B       		.uleb128 0xb
 1069 0066 27       		.uleb128 0x27
 1070 0067 19       		.uleb128 0x19
 1071 0068 11       		.uleb128 0x11
 1072 0069 01       		.uleb128 0x1
 1073 006a 12       		.uleb128 0x12
 1074 006b 06       		.uleb128 0x6
 1075 006c 40       		.uleb128 0x40
 1076 006d 18       		.uleb128 0x18
 1077 006e 9742     		.uleb128 0x2117
 1078 0070 19       		.uleb128 0x19
 1079 0071 01       		.uleb128 0x1
 1080 0072 13       		.uleb128 0x13
 1081 0073 00       		.byte	0
ARM GAS  C:\Users\aless\AppData\Local\Temp\ccnwhxJ6.s 			page 24


 1082 0074 00       		.byte	0
 1083 0075 09       		.uleb128 0x9
 1084 0076 05       		.uleb128 0x5
 1085 0077 00       		.byte	0
 1086 0078 03       		.uleb128 0x3
 1087 0079 0E       		.uleb128 0xe
 1088 007a 3A       		.uleb128 0x3a
 1089 007b 0B       		.uleb128 0xb
 1090 007c 3B       		.uleb128 0x3b
 1091 007d 0B       		.uleb128 0xb
 1092 007e 49       		.uleb128 0x49
 1093 007f 13       		.uleb128 0x13
 1094 0080 02       		.uleb128 0x2
 1095 0081 17       		.uleb128 0x17
 1096 0082 00       		.byte	0
 1097 0083 00       		.byte	0
 1098 0084 0A       		.uleb128 0xa
 1099 0085 34       		.uleb128 0x34
 1100 0086 00       		.byte	0
 1101 0087 03       		.uleb128 0x3
 1102 0088 0E       		.uleb128 0xe
 1103 0089 3A       		.uleb128 0x3a
 1104 008a 0B       		.uleb128 0xb
 1105 008b 3B       		.uleb128 0x3b
 1106 008c 0B       		.uleb128 0xb
 1107 008d 49       		.uleb128 0x49
 1108 008e 13       		.uleb128 0x13
 1109 008f 02       		.uleb128 0x2
 1110 0090 17       		.uleb128 0x17
 1111 0091 00       		.byte	0
 1112 0092 00       		.byte	0
 1113 0093 0B       		.uleb128 0xb
 1114 0094 898201   		.uleb128 0x4109
 1115 0097 00       		.byte	0
 1116 0098 11       		.uleb128 0x11
 1117 0099 01       		.uleb128 0x1
 1118 009a 31       		.uleb128 0x31
 1119 009b 13       		.uleb128 0x13
 1120 009c 00       		.byte	0
 1121 009d 00       		.byte	0
 1122 009e 0C       		.uleb128 0xc
 1123 009f 898201   		.uleb128 0x4109
 1124 00a2 01       		.byte	0x1
 1125 00a3 11       		.uleb128 0x11
 1126 00a4 01       		.uleb128 0x1
 1127 00a5 31       		.uleb128 0x31
 1128 00a6 13       		.uleb128 0x13
 1129 00a7 00       		.byte	0
 1130 00a8 00       		.byte	0
 1131 00a9 0D       		.uleb128 0xd
 1132 00aa 8A8201   		.uleb128 0x410a
 1133 00ad 00       		.byte	0
 1134 00ae 02       		.uleb128 0x2
 1135 00af 18       		.uleb128 0x18
 1136 00b0 9142     		.uleb128 0x2111
 1137 00b2 18       		.uleb128 0x18
 1138 00b3 00       		.byte	0
ARM GAS  C:\Users\aless\AppData\Local\Temp\ccnwhxJ6.s 			page 25


 1139 00b4 00       		.byte	0
 1140 00b5 0E       		.uleb128 0xe
 1141 00b6 0F       		.uleb128 0xf
 1142 00b7 00       		.byte	0
 1143 00b8 0B       		.uleb128 0xb
 1144 00b9 0B       		.uleb128 0xb
 1145 00ba 49       		.uleb128 0x49
 1146 00bb 13       		.uleb128 0x13
 1147 00bc 00       		.byte	0
 1148 00bd 00       		.byte	0
 1149 00be 0F       		.uleb128 0xf
 1150 00bf 26       		.uleb128 0x26
 1151 00c0 00       		.byte	0
 1152 00c1 49       		.uleb128 0x49
 1153 00c2 13       		.uleb128 0x13
 1154 00c3 00       		.byte	0
 1155 00c4 00       		.byte	0
 1156 00c5 10       		.uleb128 0x10
 1157 00c6 2E       		.uleb128 0x2e
 1158 00c7 01       		.byte	0x1
 1159 00c8 3F       		.uleb128 0x3f
 1160 00c9 19       		.uleb128 0x19
 1161 00ca 03       		.uleb128 0x3
 1162 00cb 0E       		.uleb128 0xe
 1163 00cc 3A       		.uleb128 0x3a
 1164 00cd 0B       		.uleb128 0xb
 1165 00ce 3B       		.uleb128 0x3b
 1166 00cf 0B       		.uleb128 0xb
 1167 00d0 27       		.uleb128 0x27
 1168 00d1 19       		.uleb128 0x19
 1169 00d2 49       		.uleb128 0x49
 1170 00d3 13       		.uleb128 0x13
 1171 00d4 8701     		.uleb128 0x87
 1172 00d6 19       		.uleb128 0x19
 1173 00d7 11       		.uleb128 0x11
 1174 00d8 01       		.uleb128 0x1
 1175 00d9 12       		.uleb128 0x12
 1176 00da 06       		.uleb128 0x6
 1177 00db 40       		.uleb128 0x40
 1178 00dc 18       		.uleb128 0x18
 1179 00dd 9642     		.uleb128 0x2116
 1180 00df 19       		.uleb128 0x19
 1181 00e0 01       		.uleb128 0x1
 1182 00e1 13       		.uleb128 0x13
 1183 00e2 00       		.byte	0
 1184 00e3 00       		.byte	0
 1185 00e4 11       		.uleb128 0x11
 1186 00e5 34       		.uleb128 0x34
 1187 00e6 00       		.byte	0
 1188 00e7 03       		.uleb128 0x3
 1189 00e8 0E       		.uleb128 0xe
 1190 00e9 3A       		.uleb128 0x3a
 1191 00ea 0B       		.uleb128 0xb
 1192 00eb 3B       		.uleb128 0x3b
 1193 00ec 0B       		.uleb128 0xb
 1194 00ed 49       		.uleb128 0x49
 1195 00ee 13       		.uleb128 0x13
ARM GAS  C:\Users\aless\AppData\Local\Temp\ccnwhxJ6.s 			page 26


 1196 00ef 02       		.uleb128 0x2
 1197 00f0 18       		.uleb128 0x18
 1198 00f1 00       		.byte	0
 1199 00f2 00       		.byte	0
 1200 00f3 12       		.uleb128 0x12
 1201 00f4 34       		.uleb128 0x34
 1202 00f5 00       		.byte	0
 1203 00f6 03       		.uleb128 0x3
 1204 00f7 0E       		.uleb128 0xe
 1205 00f8 3A       		.uleb128 0x3a
 1206 00f9 0B       		.uleb128 0xb
 1207 00fa 3B       		.uleb128 0x3b
 1208 00fb 0B       		.uleb128 0xb
 1209 00fc 49       		.uleb128 0x49
 1210 00fd 13       		.uleb128 0x13
 1211 00fe 00       		.byte	0
 1212 00ff 00       		.byte	0
 1213 0100 13       		.uleb128 0x13
 1214 0101 17       		.uleb128 0x17
 1215 0102 01       		.byte	0x1
 1216 0103 0B       		.uleb128 0xb
 1217 0104 0B       		.uleb128 0xb
 1218 0105 3A       		.uleb128 0x3a
 1219 0106 0B       		.uleb128 0xb
 1220 0107 3B       		.uleb128 0x3b
 1221 0108 0B       		.uleb128 0xb
 1222 0109 01       		.uleb128 0x1
 1223 010a 13       		.uleb128 0x13
 1224 010b 00       		.byte	0
 1225 010c 00       		.byte	0
 1226 010d 14       		.uleb128 0x14
 1227 010e 0D       		.uleb128 0xd
 1228 010f 00       		.byte	0
 1229 0110 03       		.uleb128 0x3
 1230 0111 0E       		.uleb128 0xe
 1231 0112 3A       		.uleb128 0x3a
 1232 0113 0B       		.uleb128 0xb
 1233 0114 3B       		.uleb128 0x3b
 1234 0115 0B       		.uleb128 0xb
 1235 0116 49       		.uleb128 0x49
 1236 0117 13       		.uleb128 0x13
 1237 0118 00       		.byte	0
 1238 0119 00       		.byte	0
 1239 011a 15       		.uleb128 0x15
 1240 011b 0B       		.uleb128 0xb
 1241 011c 01       		.byte	0x1
 1242 011d 11       		.uleb128 0x11
 1243 011e 01       		.uleb128 0x1
 1244 011f 12       		.uleb128 0x12
 1245 0120 06       		.uleb128 0x6
 1246 0121 01       		.uleb128 0x1
 1247 0122 13       		.uleb128 0x13
 1248 0123 00       		.byte	0
 1249 0124 00       		.byte	0
 1250 0125 16       		.uleb128 0x16
 1251 0126 34       		.uleb128 0x34
 1252 0127 00       		.byte	0
ARM GAS  C:\Users\aless\AppData\Local\Temp\ccnwhxJ6.s 			page 27


 1253 0128 03       		.uleb128 0x3
 1254 0129 08       		.uleb128 0x8
 1255 012a 3A       		.uleb128 0x3a
 1256 012b 0B       		.uleb128 0xb
 1257 012c 3B       		.uleb128 0x3b
 1258 012d 0B       		.uleb128 0xb
 1259 012e 49       		.uleb128 0x49
 1260 012f 13       		.uleb128 0x13
 1261 0130 02       		.uleb128 0x2
 1262 0131 17       		.uleb128 0x17
 1263 0132 00       		.byte	0
 1264 0133 00       		.byte	0
 1265 0134 17       		.uleb128 0x17
 1266 0135 898201   		.uleb128 0x4109
 1267 0138 01       		.byte	0x1
 1268 0139 11       		.uleb128 0x11
 1269 013a 01       		.uleb128 0x1
 1270 013b 31       		.uleb128 0x31
 1271 013c 13       		.uleb128 0x13
 1272 013d 01       		.uleb128 0x1
 1273 013e 13       		.uleb128 0x13
 1274 013f 00       		.byte	0
 1275 0140 00       		.byte	0
 1276 0141 18       		.uleb128 0x18
 1277 0142 01       		.uleb128 0x1
 1278 0143 01       		.byte	0x1
 1279 0144 49       		.uleb128 0x49
 1280 0145 13       		.uleb128 0x13
 1281 0146 01       		.uleb128 0x1
 1282 0147 13       		.uleb128 0x13
 1283 0148 00       		.byte	0
 1284 0149 00       		.byte	0
 1285 014a 19       		.uleb128 0x19
 1286 014b 21       		.uleb128 0x21
 1287 014c 00       		.byte	0
 1288 014d 49       		.uleb128 0x49
 1289 014e 13       		.uleb128 0x13
 1290 014f 2F       		.uleb128 0x2f
 1291 0150 0B       		.uleb128 0xb
 1292 0151 00       		.byte	0
 1293 0152 00       		.byte	0
 1294 0153 1A       		.uleb128 0x1a
 1295 0154 34       		.uleb128 0x34
 1296 0155 00       		.byte	0
 1297 0156 03       		.uleb128 0x3
 1298 0157 0E       		.uleb128 0xe
 1299 0158 3A       		.uleb128 0x3a
 1300 0159 0B       		.uleb128 0xb
 1301 015a 3B       		.uleb128 0x3b
 1302 015b 05       		.uleb128 0x5
 1303 015c 49       		.uleb128 0x49
 1304 015d 13       		.uleb128 0x13
 1305 015e 3F       		.uleb128 0x3f
 1306 015f 19       		.uleb128 0x19
 1307 0160 3C       		.uleb128 0x3c
 1308 0161 19       		.uleb128 0x19
 1309 0162 00       		.byte	0
ARM GAS  C:\Users\aless\AppData\Local\Temp\ccnwhxJ6.s 			page 28


 1310 0163 00       		.byte	0
 1311 0164 1B       		.uleb128 0x1b
 1312 0165 35       		.uleb128 0x35
 1313 0166 00       		.byte	0
 1314 0167 49       		.uleb128 0x49
 1315 0168 13       		.uleb128 0x13
 1316 0169 00       		.byte	0
 1317 016a 00       		.byte	0
 1318 016b 1C       		.uleb128 0x1c
 1319 016c 2E       		.uleb128 0x2e
 1320 016d 00       		.byte	0
 1321 016e 3F       		.uleb128 0x3f
 1322 016f 19       		.uleb128 0x19
 1323 0170 3C       		.uleb128 0x3c
 1324 0171 19       		.uleb128 0x19
 1325 0172 6E       		.uleb128 0x6e
 1326 0173 0E       		.uleb128 0xe
 1327 0174 03       		.uleb128 0x3
 1328 0175 0E       		.uleb128 0xe
 1329 0176 3A       		.uleb128 0x3a
 1330 0177 0B       		.uleb128 0xb
 1331 0178 3B       		.uleb128 0x3b
 1332 0179 0B       		.uleb128 0xb
 1333 017a 00       		.byte	0
 1334 017b 00       		.byte	0
 1335 017c 00       		.byte	0
 1336              		.section	.debug_loc,"",%progbits
 1337              	.Ldebug_loc0:
 1338              	.LLST0:
 1339 0000 00000000 		.4byte	.LVL0
 1340 0004 10000000 		.4byte	.LVL2
 1341 0008 0100     		.2byte	0x1
 1342 000a 50       		.byte	0x50
 1343 000b 10000000 		.4byte	.LVL2
 1344 000f 2C000000 		.4byte	.LVL8
 1345 0013 0100     		.2byte	0x1
 1346 0015 56       		.byte	0x56
 1347 0016 2C000000 		.4byte	.LVL8
 1348 001a 34000000 		.4byte	.LFE65
 1349 001e 0400     		.2byte	0x4
 1350 0020 F3       		.byte	0xf3
 1351 0021 01       		.uleb128 0x1
 1352 0022 50       		.byte	0x50
 1353 0023 9F       		.byte	0x9f
 1354 0024 00000000 		.4byte	0
 1355 0028 00000000 		.4byte	0
 1356              	.LLST1:
 1357 002c 00000000 		.4byte	.LVL0
 1358 0030 13000000 		.4byte	.LVL3-1
 1359 0034 0100     		.2byte	0x1
 1360 0036 51       		.byte	0x51
 1361 0037 13000000 		.4byte	.LVL3-1
 1362 003b 34000000 		.4byte	.LFE65
 1363 003f 0400     		.2byte	0x4
 1364 0041 F3       		.byte	0xf3
 1365 0042 01       		.uleb128 0x1
 1366 0043 51       		.byte	0x51
ARM GAS  C:\Users\aless\AppData\Local\Temp\ccnwhxJ6.s 			page 29


 1367 0044 9F       		.byte	0x9f
 1368 0045 00000000 		.4byte	0
 1369 0049 00000000 		.4byte	0
 1370              	.LLST2:
 1371 004d 00000000 		.4byte	.LVL0
 1372 0051 13000000 		.4byte	.LVL3-1
 1373 0055 0100     		.2byte	0x1
 1374 0057 52       		.byte	0x52
 1375 0058 13000000 		.4byte	.LVL3-1
 1376 005c 34000000 		.4byte	.LFE65
 1377 0060 0400     		.2byte	0x4
 1378 0062 F3       		.byte	0xf3
 1379 0063 01       		.uleb128 0x1
 1380 0064 52       		.byte	0x52
 1381 0065 9F       		.byte	0x9f
 1382 0066 00000000 		.4byte	0
 1383 006a 00000000 		.4byte	0
 1384              	.LLST3:
 1385 006e 00000000 		.4byte	.LVL0
 1386 0072 13000000 		.4byte	.LVL3-1
 1387 0076 0100     		.2byte	0x1
 1388 0078 53       		.byte	0x53
 1389 0079 13000000 		.4byte	.LVL3-1
 1390 007d 34000000 		.4byte	.LFE65
 1391 0081 0400     		.2byte	0x4
 1392 0083 F3       		.byte	0xf3
 1393 0084 01       		.uleb128 0x1
 1394 0085 53       		.byte	0x53
 1395 0086 9F       		.byte	0x9f
 1396 0087 00000000 		.4byte	0
 1397 008b 00000000 		.4byte	0
 1398              	.LLST4:
 1399 008f 02000000 		.4byte	.LVL1
 1400 0093 18000000 		.4byte	.LVL4
 1401 0097 0200     		.2byte	0x2
 1402 0099 30       		.byte	0x30
 1403 009a 9F       		.byte	0x9f
 1404 009b 18000000 		.4byte	.LVL4
 1405 009f 20000000 		.4byte	.LVL6
 1406 00a3 0100     		.2byte	0x1
 1407 00a5 54       		.byte	0x54
 1408 00a6 22000000 		.4byte	.LVL7
 1409 00aa 2C000000 		.4byte	.LVL8
 1410 00ae 0100     		.2byte	0x1
 1411 00b0 54       		.byte	0x54
 1412 00b1 00000000 		.4byte	0
 1413 00b5 00000000 		.4byte	0
 1414              	.LLST5:
 1415 00b9 40000000 		.4byte	.LVL17
 1416 00bd 44000000 		.4byte	.LVL18
 1417 00c1 0100     		.2byte	0x1
 1418 00c3 50       		.byte	0x50
 1419 00c4 4A000000 		.4byte	.LVL20
 1420 00c8 4C000000 		.4byte	.LVL21
 1421 00cc 0100     		.2byte	0x1
 1422 00ce 50       		.byte	0x50
 1423 00cf 5A000000 		.4byte	.LVL23
ARM GAS  C:\Users\aless\AppData\Local\Temp\ccnwhxJ6.s 			page 30


 1424 00d3 5E000000 		.4byte	.LVL24
 1425 00d7 0100     		.2byte	0x1
 1426 00d9 50       		.byte	0x50
 1427 00da 64000000 		.4byte	.LVL26
 1428 00de 66000000 		.4byte	.LVL27
 1429 00e2 0100     		.2byte	0x1
 1430 00e4 50       		.byte	0x50
 1431 00e5 8C000000 		.4byte	.LVL30
 1432 00e9 98000000 		.4byte	.LVL31
 1433 00ed 0100     		.2byte	0x1
 1434 00ef 50       		.byte	0x50
 1435 00f0 38010000 		.4byte	.LVL48
 1436 00f4 3A010000 		.4byte	.LVL49
 1437 00f8 0100     		.2byte	0x1
 1438 00fa 50       		.byte	0x50
 1439 00fb 00000000 		.4byte	0
 1440 00ff 00000000 		.4byte	0
 1441              	.LLST6:
 1442 0103 14000000 		.4byte	.LVL11
 1443 0107 18000000 		.4byte	.LVL12
 1444 010b 0200     		.2byte	0x2
 1445 010d 30       		.byte	0x30
 1446 010e 9F       		.byte	0x9f
 1447 010f 18000000 		.4byte	.LVL12
 1448 0113 6A000000 		.4byte	.LVL28
 1449 0117 0100     		.2byte	0x1
 1450 0119 54       		.byte	0x54
 1451 011a 00000000 		.4byte	0
 1452 011e 00000000 		.4byte	0
 1453              		.section	.debug_aranges,"",%progbits
 1454 0000 24000000 		.4byte	0x24
 1455 0004 0200     		.2byte	0x2
 1456 0006 00000000 		.4byte	.Ldebug_info0
 1457 000a 04       		.byte	0x4
 1458 000b 00       		.byte	0
 1459 000c 0000     		.2byte	0
 1460 000e 0000     		.2byte	0
 1461 0010 00000000 		.4byte	.LFB65
 1462 0014 34000000 		.4byte	.LFE65-.LFB65
 1463 0018 00000000 		.4byte	.LFB64
 1464 001c 68010000 		.4byte	.LFE64-.LFB64
 1465 0020 00000000 		.4byte	0
 1466 0024 00000000 		.4byte	0
 1467              		.section	.debug_ranges,"",%progbits
 1468              	.Ldebug_ranges0:
 1469 0000 00000000 		.4byte	.LFB65
 1470 0004 34000000 		.4byte	.LFE65
 1471 0008 00000000 		.4byte	.LFB64
 1472 000c 68010000 		.4byte	.LFE64
 1473 0010 00000000 		.4byte	0
 1474 0014 00000000 		.4byte	0
 1475              		.section	.debug_line,"",%progbits
 1476              	.Ldebug_line0:
 1477 0000 5D020000 		.section	.debug_str,"MS",%progbits,1
 1477      0200FD01 
 1477      00000201 
 1477      FB0E0D00 
ARM GAS  C:\Users\aless\AppData\Local\Temp\ccnwhxJ6.s 			page 31


 1477      01010101 
 1478              	.LASF28:
 1479 0000 6D657373 		.ascii	"message\000"
 1479      61676500 
 1480              	.LASF2:
 1481 0008 5F5F7569 		.ascii	"__uint8_t\000"
 1481      6E74385F 
 1481      7400
 1482              	.LASF30:
 1483 0012 73746174 		.ascii	"status_reg\000"
 1483      75735F72 
 1483      656700
 1484              	.LASF3:
 1485 001d 5F5F696E 		.ascii	"__int16_t\000"
 1485      7431365F 
 1485      7400
 1486              	.LASF37:
 1487 0027 55415254 		.ascii	"UART_Debug_initVar\000"
 1487      5F446562 
 1487      75675F69 
 1487      6E697456 
 1487      617200
 1488              	.LASF40:
 1489 003a 4932435F 		.ascii	"I2C_Peripheral_IsDeviceConnected\000"
 1489      50657269 
 1489      70686572 
 1489      616C5F49 
 1489      73446576 
 1490              	.LASF6:
 1491 005b 5F5F696E 		.ascii	"__int32_t\000"
 1491      7433325F 
 1491      7400
 1492              	.LASF7:
 1493 0065 6C6F6E67 		.ascii	"long int\000"
 1493      20696E74 
 1493      00
 1494              	.LASF39:
 1495 006e 55415254 		.ascii	"UART_Debug_PutChar\000"
 1495      5F446562 
 1495      75675F50 
 1495      75744368 
 1495      617200
 1496              	.LASF34:
 1497 0081 696E6974 		.ascii	"init\000"
 1497      00
 1498              	.LASF23:
 1499 0086 73747269 		.ascii	"string\000"
 1499      6E6700
 1500              	.LASF16:
 1501 008d 666C6F61 		.ascii	"float\000"
 1501      7400
 1502              	.LASF15:
 1503 0093 75696E74 		.ascii	"uint8\000"
 1503      3800
 1504              	.LASF1:
 1505 0099 756E7369 		.ascii	"unsigned char\000"
 1505      676E6564 
ARM GAS  C:\Users\aless\AppData\Local\Temp\ccnwhxJ6.s 			page 32


 1505      20636861 
 1505      7200
 1506              	.LASF49:
 1507 00a7 474E5520 		.ascii	"GNU C11 5.4.1 20160609 (release) [ARM/embedded-5-br"
 1507      43313120 
 1507      352E342E 
 1507      31203230 
 1507      31363036 
 1508 00da 616E6368 		.ascii	"anch revision 237715] -mcpu=cortex-m3 -mthumb -g -O"
 1508      20726576 
 1508      6973696F 
 1508      6E203233 
 1508      37373135 
 1509 010d 67202D66 		.ascii	"g -ffunction-sections -ffat-lto-objects\000"
 1509      66756E63 
 1509      74696F6E 
 1509      2D736563 
 1509      74696F6E 
 1510              	.LASF51:
 1511 0135 433A5C55 		.ascii	"C:\\Users\\aless\\Documents\\PSoC_Creator\\AY1920_I"
 1511      73657273 
 1511      5C616C65 
 1511      73735C44 
 1511      6F63756D 
 1512 0163 495F4857 		.ascii	"I_HW_05_RATTI_ALESSIO\\AY1920_II_HW_05_PROJ_3.cydsn"
 1512      5F30355F 
 1512      52415454 
 1512      495F414C 
 1512      45535349 
 1513 0195 00       		.ascii	"\000"
 1514              	.LASF8:
 1515 0196 6C6F6E67 		.ascii	"long unsigned int\000"
 1515      20756E73 
 1515      69676E65 
 1515      6420696E 
 1515      7400
 1516              	.LASF5:
 1517 01a8 73686F72 		.ascii	"short unsigned int\000"
 1517      7420756E 
 1517      7369676E 
 1517      65642069 
 1517      6E7400
 1518              	.LASF24:
 1519 01bb 62797465 		.ascii	"byteCount\000"
 1519      436F756E 
 1519      7400
 1520              	.LASF17:
 1521 01c5 646F7562 		.ascii	"double\000"
 1521      6C6500
 1522              	.LASF48:
 1523 01cc 4932435F 		.ascii	"I2C_Peripheral_ReadRegisterMulti\000"
 1523      50657269 
 1523      70686572 
 1523      616C5F52 
 1523      65616452 
 1524              	.LASF46:
 1525 01ed 4932435F 		.ascii	"I2C_Peripheral_WriteRegister\000"
ARM GAS  C:\Users\aless\AppData\Local\Temp\ccnwhxJ6.s 			page 33


 1525      50657269 
 1525      70686572 
 1525      616C5F57 
 1525      72697465 
 1526              	.LASF53:
 1527 020a 6D61696E 		.ascii	"main\000"
 1527      00
 1528              	.LASF36:
 1529 020f 61786573 		.ascii	"axes\000"
 1529      00
 1530              	.LASF25:
 1531 0214 68656164 		.ascii	"head\000"
 1531      00
 1532              	.LASF42:
 1533 0219 55415254 		.ascii	"UART_Debug_PutString\000"
 1533      5F446562 
 1533      75675F50 
 1533      75745374 
 1533      72696E67 
 1534              	.LASF11:
 1535 022e 756E7369 		.ascii	"unsigned int\000"
 1535      676E6564 
 1535      20696E74 
 1535      00
 1536              	.LASF10:
 1537 023b 6C6F6E67 		.ascii	"long long unsigned int\000"
 1537      206C6F6E 
 1537      6720756E 
 1537      7369676E 
 1537      65642069 
 1538              	.LASF12:
 1539 0252 75696E74 		.ascii	"uint8_t\000"
 1539      385F7400 
 1540              	.LASF13:
 1541 025a 696E7431 		.ascii	"int16_t\000"
 1541      365F7400 
 1542              	.LASF27:
 1543 0262 62756649 		.ascii	"bufIndex\000"
 1543      6E646578 
 1543      00
 1544              	.LASF38:
 1545 026b 49544D5F 		.ascii	"ITM_RxBuffer\000"
 1545      52784275 
 1545      66666572 
 1545      00
 1546              	.LASF14:
 1547 0278 696E7433 		.ascii	"int32_t\000"
 1547      325F7400 
 1548              	.LASF22:
 1549 0280 73697A65 		.ascii	"sizetype\000"
 1549      74797065 
 1549      00
 1550              	.LASF29:
 1551 0289 6572726F 		.ascii	"error\000"
 1551      7200
 1552              	.LASF9:
 1553 028f 6C6F6E67 		.ascii	"long long int\000"
ARM GAS  C:\Users\aless\AppData\Local\Temp\ccnwhxJ6.s 			page 34


 1553      206C6F6E 
 1553      6720696E 
 1553      7400
 1554              	.LASF44:
 1555 029d 55415254 		.ascii	"UART_Debug_Start\000"
 1555      5F446562 
 1555      75675F53 
 1555      74617274 
 1555      00
 1556              	.LASF50:
 1557 02ae 6D61696E 		.ascii	"main.c\000"
 1557      2E6300
 1558              	.LASF18:
 1559 02b5 63686172 		.ascii	"char\000"
 1559      00
 1560              	.LASF47:
 1561 02ba 4932435F 		.ascii	"I2C_Peripheral_ReadRegister\000"
 1561      50657269 
 1561      70686572 
 1561      616C5F52 
 1561      65616452 
 1562              	.LASF4:
 1563 02d6 73686F72 		.ascii	"short int\000"
 1563      7420696E 
 1563      7400
 1564              	.LASF52:
 1565 02e0 55415254 		.ascii	"UART_Debug_BCP\000"
 1565      5F446562 
 1565      75675F42 
 1565      435000
 1566              	.LASF54:
 1567 02ef 4F757441 		.ascii	"OutAcc\000"
 1567      636300
 1568              	.LASF26:
 1569 02f6 7461696C 		.ascii	"tail\000"
 1569      00
 1570              	.LASF19:
 1571 02fb 4E4F5F45 		.ascii	"NO_ERROR\000"
 1571      52524F52 
 1571      00
 1572              	.LASF20:
 1573 0304 4552524F 		.ascii	"ERROR\000"
 1573      5200
 1574              	.LASF33:
 1575 030a 6D696464 		.ascii	"middle\000"
 1575      6C6500
 1576              	.LASF35:
 1577 0311 62797465 		.ascii	"bytes\000"
 1577      7300
 1578              	.LASF21:
 1579 0317 6C6F6E67 		.ascii	"long double\000"
 1579      20646F75 
 1579      626C6500 
 1580              	.LASF0:
 1581 0323 7369676E 		.ascii	"signed char\000"
 1581      65642063 
 1581      68617200 
ARM GAS  C:\Users\aless\AppData\Local\Temp\ccnwhxJ6.s 			page 35


 1582              	.LASF32:
 1583 032f 61786973 		.ascii	"axis\000"
 1583      00
 1584              	.LASF41:
 1585 0334 73707269 		.ascii	"sprintf\000"
 1585      6E746600 
 1586              	.LASF45:
 1587 033c 43794465 		.ascii	"CyDelay\000"
 1587      6C617900 
 1588              	.LASF31:
 1589 0344 41636365 		.ascii	"AccelerationData\000"
 1589      6C657261 
 1589      74696F6E 
 1589      44617461 
 1589      00
 1590              	.LASF43:
 1591 0355 4932435F 		.ascii	"I2C_Peripheral_Start\000"
 1591      50657269 
 1591      70686572 
 1591      616C5F53 
 1591      74617274 
 1592              		.ident	"GCC: (GNU Tools for ARM Embedded Processors) 5.4.1 20160609 (release) [ARM/embedded-5-bran
