--------------- Build Started: 04/28/2020 16:47:31 Project: AY1920_II_HW_05_PROJ_3, Configuration: ARM GCC 5.4-2016-q2-update Debug ---------------
cydsfit.exe -.appdatapath "C:\Users\aless\AppData\Local\Cypress Semiconductor\PSoC Creator\4.3" -.fdsnotice -.fdswarpdepfile=warp_dependencies.txt -.fdselabdepfile=elab_dependencies.txt -.fdsbldfile=generated_files.txt -.fdsreffile=referenced_files.txt -p C:\Users\aless\Documents\PSoC_Creator\AY1920_II_HW_05_RATTI_ALESSIO\AY1920_II_HW_05_PROJ_3.cydsn\AY1920_II_HW_05_PROJ_3.cyprj -d CY8C5888LTI-LP097 -s C:\Users\aless\Documents\PSoC_Creator\AY1920_II_HW_05_RATTI_ALESSIO\AY1920_II_HW_05_PROJ_3.cydsn\Generated_Source\PSoC5 -- -yv2 -q10 -ygs -o2 -v3 -.fftcfgtype=LE
Elaborating Design...
HDL Generation...
Synthesis...
Tech Mapping...
Analog Placement...
Analog Routing...
Analog Code Generation...
Digital Placement...
Digital Routing...
Bitstream Generation...
Bitstream Verification...
Static timing analysis...
API Generation...
Dependency Generation...
Cleanup...
The compile step is up to date, no work needs to be done.
arm-none-eabi-ar.exe -rs .\CortexM3\ARM_GCC_541\Debug\AY1920_II_HW_05_PROJ_3.a .\CortexM3\ARM_GCC_541\Debug\UART_Debug.o .\CortexM3\ARM_GCC_541\Debug\UART_Debug_PM.o .\CortexM3\ARM_GCC_541\Debug\UART_Debug_INT.o .\CortexM3\ARM_GCC_541\Debug\UART_Debug_BOOT.o .\CortexM3\ARM_GCC_541\Debug\I2C_Master.o .\CortexM3\ARM_GCC_541\Debug\I2C_Master_BOOT.o .\CortexM3\ARM_GCC_541\Debug\I2C_Master_INT.o .\CortexM3\ARM_GCC_541\Debug\I2C_Master_PM.o .\CortexM3\ARM_GCC_541\Debug\I2C_Master_SLAVE.o .\CortexM3\ARM_GCC_541\Debug\I2C_Master_MASTER.o .\CortexM3\ARM_GCC_541\Debug\UART_Debug_IntClock.o .\CortexM3\ARM_GCC_541\Debug\cy_em_eeprom.o .\CortexM3\ARM_GCC_541\Debug\CyDmac.o .\CortexM3\ARM_GCC_541\Debug\CyFlash.o .\CortexM3\ARM_GCC_541\Debug\CyLib.o .\CortexM3\ARM_GCC_541\Debug\cyPm.o .\CortexM3\ARM_GCC_541\Debug\CySpc.o .\CortexM3\ARM_GCC_541\Debug\cyutils.o .\CortexM3\ARM_GCC_541\Debug\SDA.o .\CortexM3\ARM_GCC_541\Debug\SCL.o .\CortexM3\ARM_GCC_541\Debug\CyBootAsmGnu.o
arm-none-eabi-ar.exe: creating .\CortexM3\ARM_GCC_541\Debug\AY1920_II_HW_05_PROJ_3.a
arm-none-eabi-gcc.exe -Wl,--start-group -o C:\Users\aless\Documents\PSoC_Creator\AY1920_II_HW_05_RATTI_ALESSIO\AY1920_II_HW_05_PROJ_3.cydsn\CortexM3\ARM_GCC_541\Debug\AY1920_II_HW_05_PROJ_3.elf .\CortexM3\ARM_GCC_541\Debug\main.o .\CortexM3\ARM_GCC_541\Debug\I2C_Interface.o .\CortexM3\ARM_GCC_541\Debug\cyfitter_cfg.o .\CortexM3\ARM_GCC_541\Debug\cymetadata.o .\CortexM3\ARM_GCC_541\Debug\Cm3Start.o .\CortexM3\ARM_GCC_541\Debug\AY1920_II_HW_05_PROJ_3.a "C:\Program Files (x86)\Cypress\PSoC Creator\4.3\PSoC Creator\psoc\content\cycomponentlibrary\CyComponentLibrary.cylib\CortexM3\ARM_GCC_541\Debug\CyComponentLibrary.a" -mcpu=cortex-m3 -mthumb -L Generated_Source\PSoC5 -Wl,-Map,.\CortexM3\ARM_GCC_541\Debug/AY1920_II_HW_05_PROJ_3.map -T Generated_Source\PSoC5\cm3gcc.ld -specs=nano.specs -Wl,--gc-sections -u_printf_float -g -ffunction-sections -Og -ffat-lto-objects -Wl,--end-group
cyelftool.exe -C C:\Users\aless\Documents\PSoC_Creator\AY1920_II_HW_05_RATTI_ALESSIO\AY1920_II_HW_05_PROJ_3.cydsn\CortexM3\ARM_GCC_541\Debug\AY1920_II_HW_05_PROJ_3.elf --flash_row_size 256 --flash_size 262144 --flash_offset 0x00000000
No ELF section .cychecksum found, creating one
Application checksum calculated and stored in ELF section .cychecksum
Checksum calculated and stored in ELF section .cymeta
cyelftool.exe -S C:\Users\aless\Documents\PSoC_Creator\AY1920_II_HW_05_RATTI_ALESSIO\AY1920_II_HW_05_PROJ_3.cydsn\CortexM3\ARM_GCC_541\Debug\AY1920_II_HW_05_PROJ_3.elf
Flash used: 16000 of 262144 bytes (6.1%).
SRAM used: 3001 of 65536 bytes (4.6%). Stack: 2048 bytes. Heap: 512 bytes.
--------------- Build Succeeded: 04/28/2020 16:47:42 ---------------
